<?xml version="1.0" encoding="utf-8"?><testsuites name="pytest tests"><testsuite name="pytest" errors="0" failures="0" skipped="0" tests="91" time="129.066" timestamp="2026-05-04T14:21:46.632036+00:00" hostname="agent-env-d1f8cd5c-6190-4741-83c4-541bd992cee9"><testcase classname="backend.tests.backend_test.TestHealth" name="test_root" time="0.197" /><testcase classname="backend.tests.backend_test.TestHealth" name="test_health" time="0.054" /><testcase classname="backend.tests.backend_test.TestAuth" name="test_login_success" time="0.285" /><testcase classname="backend.tests.backend_test.TestAuth" name="test_login_wrong_password" time="0.281" /><testcase classname="backend.tests.backend_test.TestAuth" name="test_me_with_token" time="0.420" /><testcase classname="backend.tests.backend_test.TestAuth" name="test_me_without_token" time="0.057" /><testcase classname="backend.tests.backend_test.TestPublic" name="test_public_lists[/api/public/site-settings-None]" time="0.062" /><testcase classname="backend.tests.backend_test.TestPublic" name="test_public_lists[/api/public/hero-slides-3]" time="0.061" /><testcase classname="backend.tests.backend_test.TestPublic" name="test_public_lists[/api/public/players-6]" time="0.161" /><testcase classname="backend.tests.backend_test.TestPublic" name="test_public_lists[/api/public/standings-8]" time="0.065" /><testcase classname="backend.tests.backend_test.TestPublic" name="test_public_lists[/api/public/matches-0]" time="0.068" /><testcase classname="backend.tests.backend_test.TestPublic" name="test_public_lists[/api/public/sponsors-0]" time="0.067" /><testcase classname="backend.tests.backend_test.TestPublic" name="test_public_lists[/api/public/academy/groups-6]" time="0.063" /><testcase classname="backend.tests.backend_test.TestPublic" name="test_public_lists[/api/public/academy/sessions-6]" time="0.057" /><testcase classname="backend.tests.backend_test.TestPublic" name="test_public_lists[/api/public/posts-4]" time="0.056" /><testcase classname="backend.tests.backend_test.TestPublic" name="test_public_lists[/api/public/categories-8]" time="0.086" /><testcase classname="backend.tests.backend_test.TestPublic" name="test_matches_next" time="0.058" /><testcase classname="backend.tests.backend_test.TestPublic" name="test_matches_last" time="0.062" /><testcase classname="backend.tests.backend_test.TestPublic" name="test_player_detail_by_slug" time="0.181" /><testcase classname="backend.tests.backend_test.TestPublic" name="test_post_detail_by_slug" time="0.160" /><testcase classname="backend.tests.backend_test.TestPublic" name="test_contact_form" time="0.070" /><testcase classname="backend.tests.backend_test.TestPublic" name="test_academy_apply" time="0.190" /><testcase classname="backend.tests.backend_test.TestAdminAuthGate" name="test_admin_players_no_token" time="0.053" /><testcase classname="backend.tests.backend_test.TestAdminAuthGate" name="test_admin_dashboard_no_token" time="0.056" /><testcase classname="backend.tests.backend_test.TestAdminCRUD" name="test_dashboard_stats" time="0.179" /><testcase classname="backend.tests.backend_test.TestAdminCRUD" name="test_site_settings_get_put" time="0.105" /><testcase classname="backend.tests.backend_test.TestAdminCRUD" name="test_ai_settings_masked" time="0.054" /><testcase classname="backend.tests.backend_test.TestAdminCRUD" name="test_admin_list[players]" time="0.112" /><testcase classname="backend.tests.backend_test.TestAdminCRUD" name="test_admin_list[posts]" time="0.059" /><testcase classname="backend.tests.backend_test.TestAdminCRUD" name="test_admin_list[sponsors]" time="0.049" /><testcase classname="backend.tests.backend_test.TestAdminCRUD" name="test_admin_list[matches]" time="0.046" /><testcase classname="backend.tests.backend_test.TestAdminCRUD" name="test_player_crud_lifecycle" time="0.259" /><testcase classname="backend.tests.backend_test.TestAIImage" name="test_generate_image_low_quality" time="24.065" /><testcase classname="backend.tests.test_phase1.TestUsernameAuth" name="test_login_with_username" time="0.424" /><testcase classname="backend.tests.test_phase1.TestUsernameAuth" name="test_login_username_case_insensitive" time="0.280" /><testcase classname="backend.tests.test_phase1.TestSubscription" name="test_get_subscription_initialized" time="0.457" /><testcase classname="backend.tests.test_phase1.TestSubscription" name="test_set_plan_plus_then_starter" time="0.236" /><testcase classname="backend.tests.test_phase1.TestSubscription" name="test_invalid_plan" time="0.048" /><testcase classname="backend.tests.test_phase1.TestSubscription" name="test_credit_adjust_add_and_deduct" time="0.212" /><testcase classname="backend.tests.test_phase1.TestSubscription" name="test_credit_cannot_go_below_zero" time="0.168" /><testcase classname="backend.tests.test_phase1.TestSubscriptionAuthGate" name="test_anonymous_cannot_access" time="0.120" /><testcase classname="backend.tests.test_phase1.TestBirthdaysAndDashboard" name="test_birthdays_endpoint" time="0.062" /><testcase classname="backend.tests.test_phase1.TestBirthdaysAndDashboard" name="test_player_with_birthdate_appears_in_birthdays" time="0.177" /><testcase classname="backend.tests.test_phase1.TestBirthdaysAndDashboard" name="test_dashboard_stats_extended" time="0.151" /><testcase classname="backend.tests.test_phase1.TestSiteSettingsExtended" name="test_put_new_fields_persist" time="0.199" /><testcase classname="backend.tests.test_phase2_ai_media.TestAITemplatesCatalog" name="test_templates_list_has_9" time="0.514" /><testcase classname="backend.tests.test_phase2_ai_media.TestAITemplatesCatalog" name="test_templates_requires_auth" time="0.122" /><testcase classname="backend.tests.test_phase2_ai_media.TestInsufficientCredit" name="test_402_when_no_credits" time="0.349" /><testcase classname="backend.tests.test_phase2_ai_media.TestInvalidTemplate" name="test_invalid_template_returns_400" time="0.053" /><testcase classname="backend.tests.test_phase2_ai_media.TestJobsListing" name="test_jobs_list_ok" time="0.063" /><testcase classname="backend.tests.test_phase2_ai_media.TestJobsListing" name="test_job_detail_404" time="0.056" /><testcase classname="backend.tests.test_phase2_ai_media.TestTemplateRoundTrip" name="test_fan_invite_full_roundtrip" time="35.681" /><testcase classname="backend.tests.test_phase2_ai_media.TestPublicMedia" name="test_nonexistent_returns_404" time="0.082" /><testcase classname="backend.tests.test_phase2_ai_media.TestArchiveList" name="test_archive_list_ok" time="0.071" /><testcase classname="backend.tests.test_phase2_ai_media.TestArchiveList" name="test_archive_filter_source" time="0.059" /><testcase classname="backend.tests.test_phase2_ai_media.TestArchiveList" name="test_archive_requires_auth" time="0.048" /><testcase classname="backend.tests.test_phase2_ai_media.TestSoftDelete404" name="test_nonexistent_id_404" time="0.052" /><testcase classname="backend.tests.test_phase2_v2.TestTemplatesV2" name="test_nine_templates_sorted" time="0.492" /><testcase classname="backend.tests.test_phase2_v2.TestTemplatesV2" name="test_reference_slots_shape" time="0.048" /><testcase classname="backend.tests.test_phase2_v2.TestDesignOptions" name="test_design_options_shape" time="0.056" /><testcase classname="backend.tests.test_phase2_v2.TestDesignOptions" name="test_design_options_requires_auth" time="0.141" /><testcase classname="backend.tests.test_phase2_v2.TestVariations" name="test_variation_count_1" time="0.258" /><testcase classname="backend.tests.test_phase2_v2.TestVariations" name="test_variation_count_3_deducts_three" time="1.568" /><testcase classname="backend.tests.test_phase2_v2.TestVariations" name="test_variation_count_3_insufficient_credit_atomic" time="0.374" /><testcase classname="backend.tests.test_phase2_v2.TestCustomDesignRoundTrip" name="test_special_day_custom_design_roundtrip" time="23.354" /><testcase classname="backend.tests.test_phase2_v2.TestPublicThemeCss" name="test_theme_css_no_auth" time="0.063" /><testcase classname="backend.tests.test_phase2_v2.TestSiteSettingsValidation" name="test_bad_hex_rejected" time="0.053" /><testcase classname="backend.tests.test_phase2_v2.TestSiteSettingsValidation" name="test_bad_theme_rejected" time="0.048" /><testcase classname="backend.tests.test_phase2_v2.TestSiteSettingsValidation" name="test_valid_update_persists" time="1.494" /><testcase classname="backend.tests.test_phase2_v2.TestMultiTenantClubId" name="test_subscription_has_club_id_main" time="0.052" /><testcase classname="backend.tests.test_phase2_v2.TestTeamPhotosCrud" name="test_list_team_photos" time="0.050" /><testcase classname="backend.tests.test_phase2_v2.TestTeamPhotosCrud" name="test_create_team_photo" time="0.053" /><testcase classname="backend.tests.test_phase2_v2.TestTeamPhotosCrud" name="test_update_team_photo" time="0.107" /><testcase classname="backend.tests.test_phase2_v2.TestTeamPhotosCrud" name="test_delete_team_photo" time="0.097" /><testcase classname="backend.tests.test_phase3_club_mgmt.TestFinance" name="test_create_income_paid" time="0.518" /><testcase classname="backend.tests.test_phase3_club_mgmt.TestFinance" name="test_create_expense" time="0.053" /><testcase classname="backend.tests.test_phase3_club_mgmt.TestFinance" name="test_create_unpaid_income" time="0.102" /><testcase classname="backend.tests.test_phase3_club_mgmt.TestFinance" name="test_finance_summary" time="0.053" /><testcase classname="backend.tests.test_phase3_club_mgmt.TestFinance" name="test_list_and_delete" time="0.214" /><testcase classname="backend.tests.test_phase3_club_mgmt.TestContracts" name="test_pick_player" time="0.155" /><testcase classname="backend.tests.test_phase3_club_mgmt.TestContracts" name="test_create_contract" time="0.053" /><testcase classname="backend.tests.test_phase3_club_mgmt.TestContracts" name="test_create_payments_and_summary" time="0.256" /><testcase classname="backend.tests.test_phase3_club_mgmt.TestContracts" name="test_contract_90_day_alert" time="0.240" /><testcase classname="backend.tests.test_phase3_club_mgmt.TestContracts" name="test_cleanup_contracts" time="0.277" /><testcase classname="backend.tests.test_phase3_club_mgmt.TestMatchAnalysis" name="test_create_upcoming_match" time="0.054" /><testcase classname="backend.tests.test_phase3_club_mgmt.TestMatchAnalysis" name="test_upcoming_endpoint_no_report" time="0.060" /><testcase classname="backend.tests.test_phase3_club_mgmt.TestMatchAnalysis" name="test_get_empty_before_generate" time="0.050" /><testcase classname="backend.tests.test_phase3_club_mgmt.TestMatchAnalysis" name="test_generate_report" time="29.207" /><testcase classname="backend.tests.test_phase3_club_mgmt.TestMatchAnalysis" name="test_get_cached_report_idempotent" time="0.335" /><testcase classname="backend.tests.test_phase3_club_mgmt.TestMatchAnalysis" name="test_auto_reset_on_finished" time="0.166" /><testcase classname="backend.tests.test_phase3_club_mgmt.TestMatchAnalysis" name="test_cleanup_match" time="1.356" /></testsuite></testsuites>