<?xml version="1.0" encoding="utf-8"?><testsuites name="pytest tests"><testsuite name="pytest" errors="0" failures="0" skipped="0" tests="12" time="35.753" timestamp="2026-05-02T12:04:28.862931+00:00" hostname="agent-env-35f6ca47-defc-426b-b618-931d6094199d"><testcase classname="backend.tests.test_phase2_ai_media.TestAITemplatesCatalog" name="test_templates_list_has_8" time="0.532" /><testcase classname="backend.tests.test_phase2_ai_media.TestAITemplatesCatalog" name="test_templates_requires_auth" time="0.102" /><testcase classname="backend.tests.test_phase2_ai_media.TestInsufficientCredit" name="test_402_when_no_credits" time="0.309" /><testcase classname="backend.tests.test_phase2_ai_media.TestInvalidTemplate" name="test_invalid_template_returns_400" time="0.043" /><testcase classname="backend.tests.test_phase2_ai_media.TestJobsListing" name="test_jobs_list_ok" time="0.044" /><testcase classname="backend.tests.test_phase2_ai_media.TestJobsListing" name="test_job_detail_404" time="0.042" /><testcase classname="backend.tests.test_phase2_ai_media.TestTemplateRoundTrip" name="test_fan_invite_full_roundtrip" time="34.375" /><testcase classname="backend.tests.test_phase2_ai_media.TestPublicMedia" name="test_nonexistent_returns_404" time="0.049" /><testcase classname="backend.tests.test_phase2_ai_media.TestArchiveList" name="test_archive_list_ok" time="0.044" /><testcase classname="backend.tests.test_phase2_ai_media.TestArchiveList" name="test_archive_filter_source" time="0.043" /><testcase classname="backend.tests.test_phase2_ai_media.TestArchiveList" name="test_archive_requires_auth" time="0.043" /><testcase classname="backend.tests.test_phase2_ai_media.TestSoftDelete404" name="test_nonexistent_id_404" time="0.046" /></testsuite></testsuites>