<?xml version="1.0" encoding="utf-8"?><testsuites name="pytest tests"><testsuite name="pytest" errors="0" failures="0" skipped="1" tests="17" time="27.347" timestamp="2026-05-02T12:45:06.986411+00:00" hostname="agent-env-35f6ca47-defc-426b-b618-931d6094199d"><testcase classname="backend.tests.test_phase2_v2.TestTemplatesV2" name="test_nine_templates_sorted" time="0.487" /><testcase classname="backend.tests.test_phase2_v2.TestTemplatesV2" name="test_reference_slots_shape" time="0.050" /><testcase classname="backend.tests.test_phase2_v2.TestDesignOptions" name="test_design_options_shape" time="0.051" /><testcase classname="backend.tests.test_phase2_v2.TestDesignOptions" name="test_design_options_requires_auth" time="0.140" /><testcase classname="backend.tests.test_phase2_v2.TestVariations" name="test_variation_count_1" time="0.339" /><testcase classname="backend.tests.test_phase2_v2.TestVariations" name="test_variation_count_3_deducts_three" time="0.297" /><testcase classname="backend.tests.test_phase2_v2.TestVariations" name="test_variation_count_3_insufficient_credit_atomic" time="0.381"><skipped type="pytest.xfail" message="Known bug: credit deducted partially before 402 (server.py:1018 loops consume_credit non-atomically)" /></testcase><testcase classname="backend.tests.test_phase2_v2.TestCustomDesignRoundTrip" name="test_special_day_custom_design_roundtrip" time="24.834" /><testcase classname="backend.tests.test_phase2_v2.TestPublicThemeCss" name="test_theme_css_no_auth" time="0.051" /><testcase classname="backend.tests.test_phase2_v2.TestSiteSettingsValidation" name="test_bad_hex_rejected" time="0.052" /><testcase classname="backend.tests.test_phase2_v2.TestSiteSettingsValidation" name="test_bad_theme_rejected" time="0.054" /><testcase classname="backend.tests.test_phase2_v2.TestSiteSettingsValidation" name="test_valid_update_persists" time="0.102" /><testcase classname="backend.tests.test_phase2_v2.TestMultiTenantClubId" name="test_subscription_has_club_id_main" time="0.064" /><testcase classname="backend.tests.test_phase2_v2.TestTeamPhotosCrud" name="test_list_team_photos" time="0.055" /><testcase classname="backend.tests.test_phase2_v2.TestTeamPhotosCrud" name="test_create_team_photo" time="0.052" /><testcase classname="backend.tests.test_phase2_v2.TestTeamPhotosCrud" name="test_update_team_photo" time="0.111" /><testcase classname="backend.tests.test_phase2_v2.TestTeamPhotosCrud" name="test_delete_team_photo" time="0.109" /></testsuite></testsuites>