<?xml version="1.0" encoding="utf-8"?><testsuites name="pytest tests"><testsuite name="pytest" errors="0" failures="0" skipped="0" tests="12" time="2.276" timestamp="2026-05-02T11:47:18.055856+00:00" hostname="agent-env-35f6ca47-defc-426b-b618-931d6094199d"><testcase classname="backend.tests.test_phase1.TestUsernameAuth" name="test_login_with_username" time="0.431" /><testcase classname="backend.tests.test_phase1.TestUsernameAuth" name="test_login_username_case_insensitive" time="0.268" /><testcase classname="backend.tests.test_phase1.TestSubscription" name="test_get_subscription_initialized" time="0.416" /><testcase classname="backend.tests.test_phase1.TestSubscription" name="test_set_plan_plus_then_starter" time="0.189" /><testcase classname="backend.tests.test_phase1.TestSubscription" name="test_invalid_plan" time="0.044" /><testcase classname="backend.tests.test_phase1.TestSubscription" name="test_credit_adjust_add_and_deduct" time="0.221" /><testcase classname="backend.tests.test_phase1.TestSubscription" name="test_credit_cannot_go_below_zero" time="0.145" /><testcase classname="backend.tests.test_phase1.TestSubscriptionAuthGate" name="test_anonymous_cannot_access" time="0.084" /><testcase classname="backend.tests.test_phase1.TestBirthdaysAndDashboard" name="test_birthdays_endpoint" time="0.047" /><testcase classname="backend.tests.test_phase1.TestBirthdaysAndDashboard" name="test_player_with_birthdate_appears_in_birthdays" time="0.156" /><testcase classname="backend.tests.test_phase1.TestBirthdaysAndDashboard" name="test_dashboard_stats_extended" time="0.055" /><testcase classname="backend.tests.test_phase1.TestSiteSettingsExtended" name="test_put_new_fields_persist" time="0.155" /></testsuite></testsuites>