<?xml version="1.0" encoding="utf-8"?><testsuites name="pytest tests"><testsuite name="pytest" errors="0" failures="0" skipped="0" tests="17" time="33.331" timestamp="2026-05-04T14:21:08.490516+00:00" hostname="agent-env-d1f8cd5c-6190-4741-83c4-541bd992cee9"><testcase classname="backend.tests.test_phase3_club_mgmt.TestFinance" name="test_create_income_paid" time="0.495" /><testcase classname="backend.tests.test_phase3_club_mgmt.TestFinance" name="test_create_expense" time="0.061" /><testcase classname="backend.tests.test_phase3_club_mgmt.TestFinance" name="test_create_unpaid_income" time="0.053" /><testcase classname="backend.tests.test_phase3_club_mgmt.TestFinance" name="test_finance_summary" time="0.118" /><testcase classname="backend.tests.test_phase3_club_mgmt.TestFinance" name="test_list_and_delete" time="0.301" /><testcase classname="backend.tests.test_phase3_club_mgmt.TestContracts" name="test_pick_player" time="0.147" /><testcase classname="backend.tests.test_phase3_club_mgmt.TestContracts" name="test_create_contract" time="0.056" /><testcase classname="backend.tests.test_phase3_club_mgmt.TestContracts" name="test_create_payments_and_summary" time="0.207" /><testcase classname="backend.tests.test_phase3_club_mgmt.TestContracts" name="test_contract_90_day_alert" time="0.212" /><testcase classname="backend.tests.test_phase3_club_mgmt.TestContracts" name="test_cleanup_contracts" time="0.264" /><testcase classname="backend.tests.test_phase3_club_mgmt.TestMatchAnalysis" name="test_create_upcoming_match" time="0.053" /><testcase classname="backend.tests.test_phase3_club_mgmt.TestMatchAnalysis" name="test_upcoming_endpoint_no_report" time="0.058" /><testcase classname="backend.tests.test_phase3_club_mgmt.TestMatchAnalysis" name="test_get_empty_before_generate" time="0.047" /><testcase classname="backend.tests.test_phase3_club_mgmt.TestMatchAnalysis" name="test_generate_report" time="30.687" /><testcase classname="backend.tests.test_phase3_club_mgmt.TestMatchAnalysis" name="test_get_cached_report_idempotent" time="0.265" /><testcase classname="backend.tests.test_phase3_club_mgmt.TestMatchAnalysis" name="test_auto_reset_on_finished" time="0.161" /><testcase classname="backend.tests.test_phase3_club_mgmt.TestMatchAnalysis" name="test_cleanup_match" time="0.051" /></testsuite></testsuites>