<?xml version="1.0" encoding="utf-8"?><testsuites name="pytest tests"><testsuite name="pytest" errors="0" failures="0" skipped="0" tests="32" time="3.094" timestamp="2026-04-28T12:00:46.486975+00:00" hostname="agent-env-74feac6a-bef9-4067-99bb-1a7594a86ea9"><testcase classname="backend.tests.backend_test.TestHealth" name="test_root" time="0.178" /><testcase classname="backend.tests.backend_test.TestHealth" name="test_health" time="0.053" /><testcase classname="backend.tests.backend_test.TestAuth" name="test_login_success" time="0.286" /><testcase classname="backend.tests.backend_test.TestAuth" name="test_login_wrong_password" time="0.280" /><testcase classname="backend.tests.backend_test.TestAuth" name="test_me_with_token" time="0.392" /><testcase classname="backend.tests.backend_test.TestAuth" name="test_me_without_token" time="0.048" /><testcase classname="backend.tests.backend_test.TestPublic" name="test_public_lists[/api/public/site-settings-None]" time="0.057" /><testcase classname="backend.tests.backend_test.TestPublic" name="test_public_lists[/api/public/hero-slides-3]" time="0.052" /><testcase classname="backend.tests.backend_test.TestPublic" name="test_public_lists[/api/public/players-6]" time="0.050" /><testcase classname="backend.tests.backend_test.TestPublic" name="test_public_lists[/api/public/standings-8]" time="0.050" /><testcase classname="backend.tests.backend_test.TestPublic" name="test_public_lists[/api/public/matches-0]" time="0.053" /><testcase classname="backend.tests.backend_test.TestPublic" name="test_public_lists[/api/public/sponsors-0]" time="0.049" /><testcase classname="backend.tests.backend_test.TestPublic" name="test_public_lists[/api/public/academy/groups-6]" time="0.056" /><testcase classname="backend.tests.backend_test.TestPublic" name="test_public_lists[/api/public/academy/sessions-6]" time="0.048" /><testcase classname="backend.tests.backend_test.TestPublic" name="test_public_lists[/api/public/posts-4]" time="0.047" /><testcase classname="backend.tests.backend_test.TestPublic" name="test_public_lists[/api/public/categories-8]" time="0.052" /><testcase classname="backend.tests.backend_test.TestPublic" name="test_matches_next" time="0.049" /><testcase classname="backend.tests.backend_test.TestPublic" name="test_matches_last" time="0.062" /><testcase classname="backend.tests.backend_test.TestPublic" name="test_player_detail_by_slug" time="0.103" /><testcase classname="backend.tests.backend_test.TestPublic" name="test_post_detail_by_slug" time="0.104" /><testcase classname="backend.tests.backend_test.TestPublic" name="test_contact_form" time="0.058" /><testcase classname="backend.tests.backend_test.TestPublic" name="test_academy_apply" time="0.053" /><testcase classname="backend.tests.backend_test.TestAdminAuthGate" name="test_admin_players_no_token" time="0.049" /><testcase classname="backend.tests.backend_test.TestAdminAuthGate" name="test_admin_dashboard_no_token" time="0.051" /><testcase classname="backend.tests.backend_test.TestAdminCRUD" name="test_dashboard_stats" time="0.059" /><testcase classname="backend.tests.backend_test.TestAdminCRUD" name="test_site_settings_get_put" time="0.097" /><testcase classname="backend.tests.backend_test.TestAdminCRUD" name="test_ai_settings_masked" time="0.050" /><testcase classname="backend.tests.backend_test.TestAdminCRUD" name="test_admin_list[players]" time="0.052" /><testcase classname="backend.tests.backend_test.TestAdminCRUD" name="test_admin_list[posts]" time="0.048" /><testcase classname="backend.tests.backend_test.TestAdminCRUD" name="test_admin_list[sponsors]" time="0.051" /><testcase classname="backend.tests.backend_test.TestAdminCRUD" name="test_admin_list[matches]" time="0.050" /><testcase classname="backend.tests.backend_test.TestAdminCRUD" name="test_player_crud_lifecycle" time="0.255" /></testsuite></testsuites>