<?xml version="1.0" encoding="utf-8"?><testsuites name="pytest tests"><testsuite name="pytest" errors="0" failures="1" skipped="0" tests="45" time="29.385" timestamp="2026-05-02T12:05:14.563518+00:00" hostname="agent-env-35f6ca47-defc-426b-b618-931d6094199d"><testcase classname="backend.tests.test_phase1.TestUsernameAuth" name="test_login_with_username" time="0.389" /><testcase classname="backend.tests.test_phase1.TestUsernameAuth" name="test_login_username_case_insensitive" time="0.272" /><testcase classname="backend.tests.test_phase1.TestSubscription" name="test_get_subscription_initialized" time="0.433" /><testcase classname="backend.tests.test_phase1.TestSubscription" name="test_set_plan_plus_then_starter" time="0.186" /><testcase classname="backend.tests.test_phase1.TestSubscription" name="test_invalid_plan" time="0.044" /><testcase classname="backend.tests.test_phase1.TestSubscription" name="test_credit_adjust_add_and_deduct" time="0.187" /><testcase classname="backend.tests.test_phase1.TestSubscription" name="test_credit_cannot_go_below_zero" time="0.145" /><testcase classname="backend.tests.test_phase1.TestSubscriptionAuthGate" name="test_anonymous_cannot_access" time="0.091" /><testcase classname="backend.tests.test_phase1.TestBirthdaysAndDashboard" name="test_birthdays_endpoint" time="0.047" /><testcase classname="backend.tests.test_phase1.TestBirthdaysAndDashboard" name="test_player_with_birthdate_appears_in_birthdays" time="0.145" /><testcase classname="backend.tests.test_phase1.TestBirthdaysAndDashboard" name="test_dashboard_stats_extended" time="0.054" /><testcase classname="backend.tests.test_phase1.TestSiteSettingsExtended" name="test_put_new_fields_persist" time="0.133" /><testcase classname="backend.tests.backend_test.TestHealth" name="test_root" time="0.103" /><testcase classname="backend.tests.backend_test.TestHealth" name="test_health" time="0.046" /><testcase classname="backend.tests.backend_test.TestAuth" name="test_login_success" time="0.272" /><testcase classname="backend.tests.backend_test.TestAuth" name="test_login_wrong_password" time="0.271" /><testcase classname="backend.tests.backend_test.TestAuth" name="test_me_with_token" time="0.388" /><testcase classname="backend.tests.backend_test.TestAuth" name="test_me_without_token" time="0.048" /><testcase classname="backend.tests.backend_test.TestPublic" name="test_public_lists[/api/public/site-settings-None]" time="0.049" /><testcase classname="backend.tests.backend_test.TestPublic" name="test_public_lists[/api/public/hero-slides-3]" time="0.048" /><testcase classname="backend.tests.backend_test.TestPublic" name="test_public_lists[/api/public/players-6]" time="0.139" /><testcase classname="backend.tests.backend_test.TestPublic" name="test_public_lists[/api/public/standings-8]" time="0.050" /><testcase classname="backend.tests.backend_test.TestPublic" name="test_public_lists[/api/public/matches-0]" time="0.049" /><testcase classname="backend.tests.backend_test.TestPublic" name="test_public_lists[/api/public/sponsors-0]" time="0.047" /><testcase classname="backend.tests.backend_test.TestPublic" name="test_public_lists[/api/public/academy/groups-6]" time="0.054" /><testcase classname="backend.tests.backend_test.TestPublic" name="test_public_lists[/api/public/academy/sessions-6]" time="0.048" /><testcase classname="backend.tests.backend_test.TestPublic" name="test_public_lists[/api/public/posts-4]" time="0.048" /><testcase classname="backend.tests.backend_test.TestPublic" name="test_public_lists[/api/public/categories-8]" time="0.045" /><testcase classname="backend.tests.backend_test.TestPublic" name="test_matches_next" time="0.047" /><testcase classname="backend.tests.backend_test.TestPublic" name="test_matches_last" time="0.046" /><testcase classname="backend.tests.backend_test.TestPublic" name="test_player_detail_by_slug" time="0.166" /><testcase classname="backend.tests.backend_test.TestPublic" name="test_post_detail_by_slug" time="0.096" /><testcase classname="backend.tests.backend_test.TestPublic" name="test_contact_form" time="0.048" /><testcase classname="backend.tests.backend_test.TestPublic" name="test_academy_apply" time="0.049" /><testcase classname="backend.tests.backend_test.TestAdminAuthGate" name="test_admin_players_no_token" time="0.043" /><testcase classname="backend.tests.backend_test.TestAdminAuthGate" name="test_admin_dashboard_no_token" time="0.045" /><testcase classname="backend.tests.backend_test.TestAdminCRUD" name="test_dashboard_stats" time="0.057" /><testcase classname="backend.tests.backend_test.TestAdminCRUD" name="test_site_settings_get_put" time="0.093" /><testcase classname="backend.tests.backend_test.TestAdminCRUD" name="test_ai_settings_masked" time="0.049" /><testcase classname="backend.tests.backend_test.TestAdminCRUD" name="test_admin_list[players]" time="0.138" /><testcase classname="backend.tests.backend_test.TestAdminCRUD" name="test_admin_list[posts]" time="0.050" /><testcase classname="backend.tests.backend_test.TestAdminCRUD" name="test_admin_list[sponsors]" time="0.047" /><testcase classname="backend.tests.backend_test.TestAdminCRUD" name="test_admin_list[matches]" time="0.047" /><testcase classname="backend.tests.backend_test.TestAdminCRUD" name="test_player_crud_lifecycle" time="0.237" /><testcase classname="backend.tests.backend_test.TestAIImage" name="test_generate_image_low_quality" time="24.190"><failure message="AttributeError: 'NoneType' object has no attribute 'startswith'">backend/tests/backend_test.py:240: in test_generate_image_low_quality
    assert d["data_url"].startswith("data:image/")
           ^^^^^^^^^^^^^^^^^^^^^^^^
E   AttributeError: 'NoneType' object has no attribute 'startswith'</failure></testcase></testsuite></testsuites>