<?xml version="1.0" encoding="utf-8"?><testsuites name="pytest tests"><testsuite name="pytest" errors="0" failures="0" skipped="0" tests="32" time="3.072" timestamp="2026-05-02T11:47:25.593016+00:00" hostname="agent-env-35f6ca47-defc-426b-b618-931d6094199d"><testcase classname="backend.tests.backend_test.TestHealth" name="test_root" time="0.113" /><testcase classname="backend.tests.backend_test.TestHealth" name="test_health" time="0.046" /><testcase classname="backend.tests.backend_test.TestAuth" name="test_login_success" time="0.265" /><testcase classname="backend.tests.backend_test.TestAuth" name="test_login_wrong_password" time="0.304" /><testcase classname="backend.tests.backend_test.TestAuth" name="test_me_with_token" time="0.364" /><testcase classname="backend.tests.backend_test.TestAuth" name="test_me_without_token" time="0.039" /><testcase classname="backend.tests.backend_test.TestPublic" name="test_public_lists[/api/public/site-settings-None]" time="0.042" /><testcase classname="backend.tests.backend_test.TestPublic" name="test_public_lists[/api/public/hero-slides-3]" time="0.054" /><testcase classname="backend.tests.backend_test.TestPublic" name="test_public_lists[/api/public/players-6]" time="0.128" /><testcase classname="backend.tests.backend_test.TestPublic" name="test_public_lists[/api/public/standings-8]" time="0.043" /><testcase classname="backend.tests.backend_test.TestPublic" name="test_public_lists[/api/public/matches-0]" time="0.042" /><testcase classname="backend.tests.backend_test.TestPublic" name="test_public_lists[/api/public/sponsors-0]" time="0.042" /><testcase classname="backend.tests.backend_test.TestPublic" name="test_public_lists[/api/public/academy/groups-6]" time="0.046" /><testcase classname="backend.tests.backend_test.TestPublic" name="test_public_lists[/api/public/academy/sessions-6]" time="0.043" /><testcase classname="backend.tests.backend_test.TestPublic" name="test_public_lists[/api/public/posts-4]" time="0.040" /><testcase classname="backend.tests.backend_test.TestPublic" name="test_public_lists[/api/public/categories-8]" time="0.050" /><testcase classname="backend.tests.backend_test.TestPublic" name="test_matches_next" time="0.082" /><testcase classname="backend.tests.backend_test.TestPublic" name="test_matches_last" time="0.087" /><testcase classname="backend.tests.backend_test.TestPublic" name="test_player_detail_by_slug" time="0.147" /><testcase classname="backend.tests.backend_test.TestPublic" name="test_post_detail_by_slug" time="0.123" /><testcase classname="backend.tests.backend_test.TestPublic" name="test_contact_form" time="0.049" /><testcase classname="backend.tests.backend_test.TestPublic" name="test_academy_apply" time="0.048" /><testcase classname="backend.tests.backend_test.TestAdminAuthGate" name="test_admin_players_no_token" time="0.041" /><testcase classname="backend.tests.backend_test.TestAdminAuthGate" name="test_admin_dashboard_no_token" time="0.042" /><testcase classname="backend.tests.backend_test.TestAdminCRUD" name="test_dashboard_stats" time="0.056" /><testcase classname="backend.tests.backend_test.TestAdminCRUD" name="test_site_settings_get_put" time="0.096" /><testcase classname="backend.tests.backend_test.TestAdminCRUD" name="test_ai_settings_masked" time="0.045" /><testcase classname="backend.tests.backend_test.TestAdminCRUD" name="test_admin_list[players]" time="0.138" /><testcase classname="backend.tests.backend_test.TestAdminCRUD" name="test_admin_list[posts]" time="0.043" /><testcase classname="backend.tests.backend_test.TestAdminCRUD" name="test_admin_list[sponsors]" time="0.046" /><testcase classname="backend.tests.backend_test.TestAdminCRUD" name="test_admin_list[matches]" time="0.047" /><testcase classname="backend.tests.backend_test.TestAdminCRUD" name="test_player_crud_lifecycle" time="0.219" /></testsuite></testsuites>